2025-11-11 09:28:37,592 - data_loader - INFO - Loading dataset...
2025-11-11 09:28:37,782 - data_loader - INFO - Dataset loaded successfully. Shape: (14372, 40)
2025-11-11 09:28:37,782 - data_loader - INFO - Creating target variable...
2025-11-11 09:28:37,797 - data_loader - INFO - Launch dates: 14333 valid, 39 missing
2025-11-11 09:28:37,798 - data_loader - INFO - Decay dates: 0 valid, 14372 missing
2025-11-11 09:28:37,809 - data_loader - INFO - Target variable created. Valid samples: 0/14372
2025-11-11 09:28:37,809 - data_loader - WARNING - No valid decay dates found. We'll need to estimate them.
2025-11-11 09:28:37,810 - data_loader - INFO - Estimating missing decay dates...
2025-11-11 09:28:37,811 - data_loader - INFO - Missing decay dates before estimation: 14372
2025-11-11 09:28:47,350 - data_loader - INFO - Handling 39 samples with missing launch dates...
2025-11-11 09:28:47,362 - data_loader - INFO - Assigned median decay days (3650.0) to samples with missing launch dates
2025-11-11 09:28:47,364 - data_loader - INFO - Estimated 14372 decay dates. Remaining missing: 0
2025-11-11 09:29:12,953 - data_loader - INFO - Loading dataset...
2025-11-11 09:29:13,085 - data_loader - INFO - Dataset loaded successfully. Shape: (14372, 40)
2025-11-11 09:29:13,085 - data_loader - INFO - Creating target variable...
2025-11-11 09:29:13,090 - data_loader - INFO - Launch dates: 14333 valid, 39 missing
2025-11-11 09:29:13,091 - data_loader - INFO - Decay dates: 0 valid, 14372 missing
2025-11-11 09:29:13,095 - data_loader - INFO - Target variable created. Valid samples: 0/14372
2025-11-11 09:29:13,096 - data_loader - WARNING - No valid decay dates found. We'll need to estimate them.
2025-11-11 09:29:13,096 - data_loader - INFO - Estimating missing decay dates...
2025-11-11 09:29:13,097 - data_loader - INFO - Missing decay dates before estimation: 14372
2025-11-11 09:29:22,670 - data_loader - INFO - Handling 39 samples with missing launch dates...
2025-11-11 09:29:22,677 - data_loader - INFO - Assigned median decay days (3650.0) to samples with missing launch dates
2025-11-11 09:29:22,678 - data_loader - INFO - Estimated 14372 decay dates. Remaining missing: 0
