2025-11-13 21:30:55,749 - data_loader - INFO - Loading dataset...
2025-11-13 21:30:55,907 - data_loader - INFO - Dataset loaded successfully. Shape: (14372, 40)
2025-11-13 21:30:55,907 - data_loader - INFO - Creating target variable...
2025-11-13 21:30:55,914 - data_loader - INFO - Launch dates: 14333 valid, 39 missing
2025-11-13 21:30:55,914 - data_loader - INFO - Decay dates: 0 valid, 14372 missing
2025-11-13 21:30:55,919 - data_loader - INFO - Target variable created. Valid samples: 0/14372
2025-11-13 21:30:55,920 - data_loader - WARNING - No valid decay dates found. We'll need to estimate them.
2025-11-13 21:30:55,922 - data_loader - INFO - Estimating missing decay dates...
2025-11-13 21:30:55,922 - data_loader - INFO - Missing decay dates before estimation: 14372
2025-11-13 21:31:02,571 - data_loader - INFO - Loading dataset...
2025-11-13 21:31:03,131 - data_loader - INFO - Dataset loaded successfully. Shape: (14372, 40)
2025-11-13 21:31:03,139 - data_loader - INFO - Creating target variable...
2025-11-13 21:31:03,171 - data_loader - INFO - Launch dates: 14333 valid, 39 missing
2025-11-13 21:31:03,172 - data_loader - INFO - Decay dates: 0 valid, 14372 missing
2025-11-13 21:31:03,220 - data_loader - INFO - Target variable created. Valid samples: 0/14372
2025-11-13 21:31:03,234 - data_loader - WARNING - No valid decay dates found. We'll need to estimate them.
2025-11-13 21:31:03,236 - data_loader - INFO - Estimating missing decay dates...
2025-11-13 21:31:03,240 - data_loader - INFO - Missing decay dates before estimation: 14372
2025-11-13 21:31:15,674 - data_loader - INFO - Handling 39 samples with missing launch dates...
2025-11-13 21:31:15,734 - data_loader - INFO - Assigned median decay days (3650.0) to samples with missing launch dates
2025-11-13 21:31:15,736 - data_loader - INFO - Estimated 14372 decay dates. Remaining missing: 0
2025-11-13 21:31:21,017 - data_loader - INFO - Handling 39 samples with missing launch dates...
2025-11-13 21:31:21,027 - data_loader - INFO - Assigned median decay days (3650.0) to samples with missing launch dates
2025-11-13 21:31:21,028 - data_loader - INFO - Estimated 14372 decay dates. Remaining missing: 0
2025-11-13 21:31:26,659 - data_loader - INFO - Loading dataset...
2025-11-13 21:31:26,882 - data_loader - INFO - Dataset loaded successfully. Shape: (14372, 40)
2025-11-13 21:31:26,883 - data_loader - INFO - Creating target variable...
2025-11-13 21:31:26,891 - data_loader - INFO - Launch dates: 14333 valid, 39 missing
2025-11-13 21:31:26,891 - data_loader - INFO - Decay dates: 0 valid, 14372 missing
2025-11-13 21:31:26,898 - data_loader - INFO - Target variable created. Valid samples: 0/14372
2025-11-13 21:31:26,899 - data_loader - WARNING - No valid decay dates found. We'll need to estimate them.
2025-11-13 21:31:26,900 - data_loader - INFO - Estimating missing decay dates...
2025-11-13 21:31:26,900 - data_loader - INFO - Missing decay dates before estimation: 14372
2025-11-13 21:31:34,653 - data_loader - INFO - Handling 39 samples with missing launch dates...
2025-11-13 21:31:34,658 - data_loader - INFO - Assigned median decay days (3650.0) to samples with missing launch dates
2025-11-13 21:31:34,658 - data_loader - INFO - Estimated 14372 decay dates. Remaining missing: 0
