2025-11-13 21:27:50,883 - data_loader - INFO - Loading dataset...
2025-11-13 21:27:51,040 - data_loader - INFO - Dataset loaded successfully. Shape: (14372, 40)
2025-11-13 21:27:51,040 - data_loader - INFO - Creating target variable...
2025-11-13 21:27:51,047 - data_loader - INFO - Launch dates: 14333 valid, 39 missing
2025-11-13 21:27:51,047 - data_loader - INFO - Decay dates: 0 valid, 14372 missing
2025-11-13 21:27:51,055 - data_loader - INFO - Target variable created. Valid samples: 0/14372
2025-11-13 21:27:51,056 - data_loader - WARNING - No valid decay dates found. We'll need to estimate them.
2025-11-13 21:27:51,059 - data_loader - INFO - Estimating missing decay dates...
2025-11-13 21:27:51,060 - data_loader - INFO - Missing decay dates before estimation: 14372
2025-11-13 21:27:57,982 - data_loader - INFO - Loading dataset...
2025-11-13 21:27:58,467 - data_loader - INFO - Dataset loaded successfully. Shape: (14372, 40)
2025-11-13 21:27:58,471 - data_loader - INFO - Creating target variable...
2025-11-13 21:27:58,497 - data_loader - INFO - Launch dates: 14333 valid, 39 missing
2025-11-13 21:27:58,498 - data_loader - INFO - Decay dates: 0 valid, 14372 missing
2025-11-13 21:27:58,536 - data_loader - INFO - Target variable created. Valid samples: 0/14372
2025-11-13 21:27:58,539 - data_loader - WARNING - No valid decay dates found. We'll need to estimate them.
2025-11-13 21:27:58,543 - data_loader - INFO - Estimating missing decay dates...
2025-11-13 21:27:58,549 - data_loader - INFO - Missing decay dates before estimation: 14372
2025-11-13 21:28:10,797 - data_loader - INFO - Handling 39 samples with missing launch dates...
2025-11-13 21:28:10,841 - data_loader - INFO - Assigned median decay days (3650.0) to samples with missing launch dates
2025-11-13 21:28:10,843 - data_loader - INFO - Estimated 14372 decay dates. Remaining missing: 0
2025-11-13 21:28:18,221 - data_loader - INFO - Handling 39 samples with missing launch dates...
2025-11-13 21:28:18,231 - data_loader - INFO - Assigned median decay days (3650.0) to samples with missing launch dates
2025-11-13 21:28:18,232 - data_loader - INFO - Estimated 14372 decay dates. Remaining missing: 0
2025-11-13 21:28:27,101 - data_loader - INFO - Loading dataset...
2025-11-13 21:28:27,273 - data_loader - INFO - Dataset loaded successfully. Shape: (14372, 40)
2025-11-13 21:28:27,274 - data_loader - INFO - Creating target variable...
2025-11-13 21:28:27,280 - data_loader - INFO - Launch dates: 14333 valid, 39 missing
2025-11-13 21:28:27,280 - data_loader - INFO - Decay dates: 0 valid, 14372 missing
2025-11-13 21:28:27,285 - data_loader - INFO - Target variable created. Valid samples: 0/14372
2025-11-13 21:28:27,286 - data_loader - WARNING - No valid decay dates found. We'll need to estimate them.
2025-11-13 21:28:27,286 - data_loader - INFO - Estimating missing decay dates...
2025-11-13 21:28:27,287 - data_loader - INFO - Missing decay dates before estimation: 14372
2025-11-13 21:28:37,978 - data_loader - INFO - Handling 39 samples with missing launch dates...
2025-11-13 21:28:37,985 - data_loader - INFO - Assigned median decay days (3650.0) to samples with missing launch dates
2025-11-13 21:28:37,986 - data_loader - INFO - Estimated 14372 decay dates. Remaining missing: 0
