2025-11-11 10:41:07,043 - data_loader - INFO - Loading dataset...
2025-11-11 10:41:07,200 - data_loader - INFO - Dataset loaded successfully. Shape: (14372, 40)
2025-11-11 10:41:07,201 - data_loader - INFO - Creating target variable...
2025-11-11 10:41:07,208 - data_loader - INFO - Launch dates: 14333 valid, 39 missing
2025-11-11 10:41:07,208 - data_loader - INFO - Decay dates: 0 valid, 14372 missing
2025-11-11 10:41:07,217 - data_loader - INFO - Target variable created. Valid samples: 0/14372
2025-11-11 10:41:07,218 - data_loader - WARNING - No valid decay dates found. We'll need to estimate them.
2025-11-11 10:41:07,221 - data_loader - INFO - Estimating missing decay dates...
2025-11-11 10:41:07,222 - data_loader - INFO - Missing decay dates before estimation: 14372
2025-11-11 10:41:15,665 - data_loader - INFO - Handling 39 samples with missing launch dates...
2025-11-11 10:41:15,673 - data_loader - INFO - Assigned median decay days (3650.0) to samples with missing launch dates
2025-11-11 10:41:15,673 - data_loader - INFO - Estimated 14372 decay dates. Remaining missing: 0
2025-11-11 10:41:41,702 - data_loader - INFO - Loading dataset...
2025-11-11 10:41:41,928 - data_loader - INFO - Dataset loaded successfully. Shape: (14372, 40)
2025-11-11 10:41:41,928 - data_loader - INFO - Creating target variable...
2025-11-11 10:41:41,937 - data_loader - INFO - Launch dates: 14333 valid, 39 missing
2025-11-11 10:41:41,938 - data_loader - INFO - Decay dates: 0 valid, 14372 missing
2025-11-11 10:41:41,944 - data_loader - INFO - Target variable created. Valid samples: 0/14372
2025-11-11 10:41:41,944 - data_loader - WARNING - No valid decay dates found. We'll need to estimate them.
2025-11-11 10:41:41,945 - data_loader - INFO - Estimating missing decay dates...
2025-11-11 10:41:41,946 - data_loader - INFO - Missing decay dates before estimation: 14372
2025-11-11 10:41:42,291 - data_loader - INFO - Loading dataset...
2025-11-11 10:41:42,897 - data_loader - INFO - Dataset loaded successfully. Shape: (14372, 40)
2025-11-11 10:41:42,899 - data_loader - INFO - Creating target variable...
2025-11-11 10:41:42,930 - data_loader - INFO - Launch dates: 14333 valid, 39 missing
2025-11-11 10:41:42,932 - data_loader - INFO - Decay dates: 0 valid, 14372 missing
2025-11-11 10:41:42,956 - data_loader - INFO - Target variable created. Valid samples: 0/14372
2025-11-11 10:41:42,959 - data_loader - WARNING - No valid decay dates found. We'll need to estimate them.
2025-11-11 10:41:42,962 - data_loader - INFO - Estimating missing decay dates...
2025-11-11 10:41:42,969 - data_loader - INFO - Missing decay dates before estimation: 14372
2025-11-11 10:42:11,611 - data_loader - INFO - Loading dataset...
2025-11-11 10:42:12,441 - data_loader - INFO - Dataset loaded successfully. Shape: (14372, 40)
2025-11-11 10:42:12,446 - data_loader - INFO - Creating target variable...
2025-11-11 10:42:12,504 - data_loader - INFO - Launch dates: 14333 valid, 39 missing
2025-11-11 10:42:12,512 - data_loader - INFO - Decay dates: 0 valid, 14372 missing
2025-11-11 10:42:12,547 - data_loader - INFO - Target variable created. Valid samples: 0/14372
2025-11-11 10:42:12,551 - data_loader - WARNING - No valid decay dates found. We'll need to estimate them.
2025-11-11 10:42:12,555 - data_loader - INFO - Estimating missing decay dates...
2025-11-11 10:42:12,563 - data_loader - INFO - Missing decay dates before estimation: 14372
2025-11-11 10:42:12,603 - data_loader - INFO - Handling 39 samples with missing launch dates...
2025-11-11 10:42:12,684 - data_loader - INFO - Assigned median decay days (3650.0) to samples with missing launch dates
2025-11-11 10:42:12,693 - data_loader - INFO - Estimated 14372 decay dates. Remaining missing: 0
2025-11-11 10:42:15,254 - data_loader - INFO - Handling 39 samples with missing launch dates...
2025-11-11 10:42:15,293 - data_loader - INFO - Assigned median decay days (3650.0) to samples with missing launch dates
2025-11-11 10:42:15,297 - data_loader - INFO - Estimated 14372 decay dates. Remaining missing: 0
2025-11-11 10:42:27,314 - data_loader - INFO - Handling 39 samples with missing launch dates...
2025-11-11 10:42:27,321 - data_loader - INFO - Assigned median decay days (3650.0) to samples with missing launch dates
2025-11-11 10:42:27,322 - data_loader - INFO - Estimated 14372 decay dates. Remaining missing: 0
2025-11-11 10:43:11,498 - data_loader - INFO - Loading dataset...
2025-11-11 10:43:11,707 - data_loader - INFO - Dataset loaded successfully. Shape: (14372, 40)
2025-11-11 10:43:11,708 - data_loader - INFO - Creating target variable...
2025-11-11 10:43:11,717 - data_loader - INFO - Launch dates: 14333 valid, 39 missing
2025-11-11 10:43:11,718 - data_loader - INFO - Decay dates: 0 valid, 14372 missing
2025-11-11 10:43:11,724 - data_loader - INFO - Target variable created. Valid samples: 0/14372
2025-11-11 10:43:11,725 - data_loader - WARNING - No valid decay dates found. We'll need to estimate them.
2025-11-11 10:43:11,726 - data_loader - INFO - Estimating missing decay dates...
2025-11-11 10:43:11,727 - data_loader - INFO - Missing decay dates before estimation: 14372
2025-11-11 10:43:21,780 - data_loader - INFO - Handling 39 samples with missing launch dates...
2025-11-11 10:43:21,787 - data_loader - INFO - Assigned median decay days (3650.0) to samples with missing launch dates
2025-11-11 10:43:21,788 - data_loader - INFO - Estimated 14372 decay dates. Remaining missing: 0
