2025-11-09 12:58:23,126 - data_loader - INFO - Loading dataset...
2025-11-09 12:58:23,216 - data_loader - INFO - Dataset loaded successfully. Shape: (14372, 40)
2025-11-09 12:58:23,217 - data_loader - INFO - Loading dataset...
2025-11-09 12:58:23,296 - data_loader - INFO - Dataset loaded successfully. Shape: (14372, 40)
2025-11-09 12:58:23,298 - data_loader - INFO - Creating target variable...
2025-11-09 12:58:23,318 - data_loader - INFO - Launch dates: 2 valid, 1 missing
2025-11-09 12:58:23,319 - data_loader - INFO - Decay dates: 1 valid, 2 missing
2025-11-09 12:58:23,322 - data_loader - INFO - Target variable created. Valid samples: 1/3
2025-11-09 12:58:23,322 - data_loader - INFO - Creating target variable...
2025-11-09 12:58:23,324 - data_loader - INFO - Launch dates: 2 valid, 0 missing
2025-11-09 12:58:23,326 - data_loader - INFO - Decay dates: 2 valid, 0 missing
2025-11-09 12:58:23,328 - data_loader - INFO - Target variable created. Valid samples: 2/2
2025-11-09 12:58:23,330 - data_loader - INFO - Creating target variable...
2025-11-09 12:58:23,332 - data_loader - INFO - Launch dates: 3 valid, 1 missing
2025-11-09 12:58:23,333 - data_loader - INFO - Decay dates: 1 valid, 3 missing
2025-11-09 12:58:23,334 - data_loader - INFO - Target variable created. Valid samples: 1/4
2025-11-09 12:58:23,335 - data_loader - INFO - Estimating missing decay dates...
2025-11-09 12:58:23,335 - data_loader - INFO - Missing decay dates before estimation: 3
2025-11-09 12:58:23,337 - data_loader - INFO - Handling 1 samples with missing launch dates...
2025-11-09 12:58:23,338 - data_loader - INFO - Assigned median decay days (10037.5) to samples with missing launch dates
2025-11-09 12:58:23,338 - data_loader - INFO - Estimated 3 decay dates. Remaining missing: 0
2025-11-09 12:58:23,339 - data_loader - INFO - Creating target variable...
2025-11-09 12:58:23,341 - data_loader - INFO - Launch dates: 3 valid, 0 missing
2025-11-09 12:58:23,341 - data_loader - INFO - Decay dates: 0 valid, 3 missing
2025-11-09 12:58:23,342 - data_loader - INFO - Target variable created. Valid samples: 0/3
2025-11-09 12:58:23,343 - data_loader - WARNING - No valid decay dates found. We'll need to estimate them.
2025-11-09 12:58:23,343 - data_loader - INFO - Estimating missing decay dates...
2025-11-09 12:58:23,343 - data_loader - INFO - Missing decay dates before estimation: 3
2025-11-09 12:58:23,345 - data_loader - INFO - Estimated 3 decay dates. Remaining missing: 0
2025-11-09 12:58:23,346 - data_loader - INFO - Creating target variable...
2025-11-09 12:58:23,347 - data_loader - INFO - Launch dates: 1 valid, 2 missing
2025-11-09 12:58:23,348 - data_loader - INFO - Decay dates: 1 valid, 2 missing
2025-11-09 12:58:23,350 - data_loader - INFO - Target variable created. Valid samples: 1/3
2025-11-09 12:58:23,350 - data_loader - INFO - Loading dataset...
2025-11-09 12:58:23,430 - data_loader - INFO - Dataset loaded successfully. Shape: (14372, 40)
2025-11-09 12:58:23,431 - data_loader - INFO - Creating target variable...
2025-11-09 12:58:23,434 - data_loader - INFO - Launch dates: 14333 valid, 39 missing
2025-11-09 12:58:23,434 - data_loader - INFO - Decay dates: 0 valid, 14372 missing
2025-11-09 12:58:23,437 - data_loader - INFO - Target variable created. Valid samples: 0/14372
2025-11-09 12:58:23,437 - data_loader - WARNING - No valid decay dates found. We'll need to estimate them.
2025-11-09 12:58:23,437 - data_loader - INFO - Estimating missing decay dates...
2025-11-09 12:58:23,437 - data_loader - INFO - Missing decay dates before estimation: 14372
2025-11-09 12:58:27,742 - data_loader - INFO - Handling 39 samples with missing launch dates...
2025-11-09 12:58:27,746 - data_loader - INFO - Assigned median decay days (3650.0) to samples with missing launch dates
2025-11-09 12:58:27,747 - data_loader - INFO - Estimated 14372 decay dates. Remaining missing: 0
