2025-11-09 13:30:48,173 - data_loader - INFO - Loading dataset...
2025-11-09 13:30:48,296 - data_loader - INFO - Dataset loaded successfully. Shape: (14372, 40)
2025-11-09 13:30:48,297 - data_loader - INFO - Creating target variable...
2025-11-09 13:30:48,303 - data_loader - INFO - Launch dates: 14333 valid, 39 missing
2025-11-09 13:30:48,303 - data_loader - INFO - Decay dates: 0 valid, 14372 missing
2025-11-09 13:30:48,307 - data_loader - INFO - Target variable created. Valid samples: 0/14372
2025-11-09 13:30:48,308 - data_loader - WARNING - No valid decay dates found. We'll need to estimate them.
2025-11-09 13:30:48,312 - data_loader - INFO - Estimating missing decay dates...
2025-11-09 13:30:48,313 - data_loader - INFO - Missing decay dates before estimation: 14372
2025-11-09 13:30:56,820 - data_loader - INFO - Handling 39 samples with missing launch dates...
2025-11-09 13:30:56,828 - data_loader - INFO - Assigned median decay days (3650.0) to samples with missing launch dates
2025-11-09 13:30:56,829 - data_loader - INFO - Estimated 14372 decay dates. Remaining missing: 0
2025-11-09 13:31:31,149 - data_loader - INFO - Loading dataset...
2025-11-09 13:31:31,273 - data_loader - INFO - Dataset loaded successfully. Shape: (14372, 40)
2025-11-09 13:31:31,274 - data_loader - INFO - Creating target variable...
2025-11-09 13:31:31,279 - data_loader - INFO - Launch dates: 14333 valid, 39 missing
2025-11-09 13:31:31,280 - data_loader - INFO - Decay dates: 0 valid, 14372 missing
2025-11-09 13:31:31,292 - data_loader - INFO - Target variable created. Valid samples: 0/14372
2025-11-09 13:31:31,294 - data_loader - WARNING - No valid decay dates found. We'll need to estimate them.
2025-11-09 13:31:31,296 - data_loader - INFO - Estimating missing decay dates...
2025-11-09 13:31:31,298 - data_loader - INFO - Missing decay dates before estimation: 14372
2025-11-09 13:31:39,793 - data_loader - INFO - Handling 39 samples with missing launch dates...
2025-11-09 13:31:39,800 - data_loader - INFO - Assigned median decay days (3650.0) to samples with missing launch dates
2025-11-09 13:31:39,801 - data_loader - INFO - Estimated 14372 decay dates. Remaining missing: 0
2025-11-09 13:31:59,698 - data_loader - INFO - Loading dataset...
2025-11-09 13:31:59,825 - data_loader - INFO - Dataset loaded successfully. Shape: (14372, 40)
2025-11-09 13:31:59,826 - data_loader - INFO - Creating target variable...
2025-11-09 13:31:59,832 - data_loader - INFO - Launch dates: 14333 valid, 39 missing
2025-11-09 13:31:59,832 - data_loader - INFO - Decay dates: 0 valid, 14372 missing
2025-11-09 13:31:59,835 - data_loader - INFO - Target variable created. Valid samples: 0/14372
2025-11-09 13:31:59,836 - data_loader - WARNING - No valid decay dates found. We'll need to estimate them.
2025-11-09 13:31:59,836 - data_loader - INFO - Estimating missing decay dates...
2025-11-09 13:31:59,836 - data_loader - INFO - Missing decay dates before estimation: 14372
2025-11-09 13:32:08,393 - data_loader - INFO - Handling 39 samples with missing launch dates...
2025-11-09 13:32:08,399 - data_loader - INFO - Assigned median decay days (3650.0) to samples with missing launch dates
2025-11-09 13:32:08,400 - data_loader - INFO - Estimated 14372 decay dates. Remaining missing: 0
2025-11-09 13:38:11,584 - data_loader - INFO - Loading dataset...
2025-11-09 13:38:11,715 - data_loader - INFO - Dataset loaded successfully. Shape: (14372, 40)
2025-11-09 13:38:11,715 - data_loader - INFO - Creating target variable...
2025-11-09 13:38:11,720 - data_loader - INFO - Launch dates: 14333 valid, 39 missing
2025-11-09 13:38:11,720 - data_loader - INFO - Decay dates: 0 valid, 14372 missing
2025-11-09 13:38:11,724 - data_loader - INFO - Target variable created. Valid samples: 0/14372
2025-11-09 13:38:11,724 - data_loader - WARNING - No valid decay dates found. We'll need to estimate them.
2025-11-09 13:38:11,724 - data_loader - INFO - Estimating missing decay dates...
2025-11-09 13:38:11,725 - data_loader - INFO - Missing decay dates before estimation: 14372
2025-11-09 13:38:20,874 - data_loader - INFO - Handling 39 samples with missing launch dates...
2025-11-09 13:38:20,882 - data_loader - INFO - Assigned median decay days (3650.0) to samples with missing launch dates
2025-11-09 13:38:20,883 - data_loader - INFO - Estimated 14372 decay dates. Remaining missing: 0
