2025-11-11 09:02:28,724 - data_loader - INFO - Loading dataset...
2025-11-11 09:02:28,883 - data_loader - INFO - Dataset loaded successfully. Shape: (14372, 40)
2025-11-11 09:02:28,883 - data_loader - INFO - Creating target variable...
2025-11-11 09:02:28,899 - data_loader - INFO - Launch dates: 14333 valid, 39 missing
2025-11-11 09:02:28,899 - data_loader - INFO - Decay dates: 0 valid, 14372 missing
2025-11-11 09:02:28,907 - data_loader - INFO - Target variable created. Valid samples: 0/14372
2025-11-11 09:02:28,907 - data_loader - WARNING - No valid decay dates found. We'll need to estimate them.
2025-11-11 09:02:28,908 - data_loader - INFO - Estimating missing decay dates...
2025-11-11 09:02:28,909 - data_loader - INFO - Missing decay dates before estimation: 14372
2025-11-11 09:02:39,319 - data_loader - INFO - Handling 39 samples with missing launch dates...
2025-11-11 09:02:39,327 - data_loader - INFO - Assigned median decay days (3650.0) to samples with missing launch dates
2025-11-11 09:02:39,328 - data_loader - INFO - Estimated 14372 decay dates. Remaining missing: 0
2025-11-11 09:03:39,427 - data_loader - INFO - Loading dataset...
2025-11-11 09:03:39,562 - data_loader - INFO - Dataset loaded successfully. Shape: (14372, 40)
2025-11-11 09:03:39,562 - data_loader - INFO - Creating target variable...
2025-11-11 09:03:39,568 - data_loader - INFO - Launch dates: 14333 valid, 39 missing
2025-11-11 09:03:39,568 - data_loader - INFO - Decay dates: 0 valid, 14372 missing
2025-11-11 09:03:39,572 - data_loader - INFO - Target variable created. Valid samples: 0/14372
2025-11-11 09:03:39,573 - data_loader - WARNING - No valid decay dates found. We'll need to estimate them.
2025-11-11 09:03:39,573 - data_loader - INFO - Estimating missing decay dates...
2025-11-11 09:03:39,574 - data_loader - INFO - Missing decay dates before estimation: 14372
2025-11-11 09:03:48,904 - data_loader - INFO - Handling 39 samples with missing launch dates...
2025-11-11 09:03:48,911 - data_loader - INFO - Assigned median decay days (3650.0) to samples with missing launch dates
2025-11-11 09:03:48,918 - data_loader - INFO - Estimated 14372 decay dates. Remaining missing: 0
