2025-11-12 14:28:41,361 - data_loader - INFO - Loading dataset...
2025-11-12 14:28:41,588 - data_loader - INFO - Dataset loaded successfully. Shape: (14372, 40)
2025-11-12 14:28:41,588 - data_loader - INFO - Creating target variable...
2025-11-12 14:28:41,618 - data_loader - INFO - Launch dates: 14333 valid, 39 missing
2025-11-12 14:28:41,618 - data_loader - INFO - Decay dates: 0 valid, 14372 missing
2025-11-12 14:28:41,630 - data_loader - INFO - Target variable created. Valid samples: 0/14372
2025-11-12 14:28:41,631 - data_loader - WARNING - No valid decay dates found. We'll need to estimate them.
2025-11-12 14:28:41,634 - data_loader - INFO - Estimating missing decay dates...
2025-11-12 14:28:41,635 - data_loader - INFO - Missing decay dates before estimation: 14372
2025-11-12 14:28:53,543 - data_loader - INFO - Handling 39 samples with missing launch dates...
2025-11-12 14:28:53,558 - data_loader - INFO - Assigned median decay days (3650.0) to samples with missing launch dates
2025-11-12 14:28:53,559 - data_loader - INFO - Estimated 14372 decay dates. Remaining missing: 0
2025-11-12 14:41:06,167 - data_loader - INFO - Loading dataset...
2025-11-12 14:41:06,302 - data_loader - INFO - Dataset loaded successfully. Shape: (14372, 40)
2025-11-12 14:41:06,303 - data_loader - INFO - Creating target variable...
2025-11-12 14:41:06,309 - data_loader - INFO - Launch dates: 14333 valid, 39 missing
2025-11-12 14:41:06,309 - data_loader - INFO - Decay dates: 0 valid, 14372 missing
2025-11-12 14:41:06,314 - data_loader - INFO - Target variable created. Valid samples: 0/14372
2025-11-12 14:41:06,314 - data_loader - WARNING - No valid decay dates found. We'll need to estimate them.
2025-11-12 14:41:06,315 - data_loader - INFO - Estimating missing decay dates...
2025-11-12 14:41:06,315 - data_loader - INFO - Missing decay dates before estimation: 14372
2025-11-12 14:41:15,175 - data_loader - INFO - Handling 39 samples with missing launch dates...
2025-11-12 14:41:15,181 - data_loader - INFO - Assigned median decay days (3650.0) to samples with missing launch dates
2025-11-12 14:41:15,184 - data_loader - INFO - Estimated 14372 decay dates. Remaining missing: 0
2025-11-12 14:41:38,557 - data_loader - INFO - Loading dataset...
2025-11-12 14:41:38,679 - data_loader - INFO - Dataset loaded successfully. Shape: (14372, 40)
2025-11-12 14:41:38,680 - data_loader - INFO - Creating target variable...
2025-11-12 14:41:38,686 - data_loader - INFO - Launch dates: 14333 valid, 39 missing
2025-11-12 14:41:38,688 - data_loader - INFO - Decay dates: 0 valid, 14372 missing
2025-11-12 14:41:38,692 - data_loader - INFO - Target variable created. Valid samples: 0/14372
2025-11-12 14:41:38,692 - data_loader - WARNING - No valid decay dates found. We'll need to estimate them.
2025-11-12 14:41:38,693 - data_loader - INFO - Estimating missing decay dates...
2025-11-12 14:41:38,694 - data_loader - INFO - Missing decay dates before estimation: 14372
2025-11-12 14:41:47,889 - data_loader - INFO - Handling 39 samples with missing launch dates...
2025-11-12 14:41:47,896 - data_loader - INFO - Assigned median decay days (3650.0) to samples with missing launch dates
2025-11-12 14:41:47,897 - data_loader - INFO - Estimated 14372 decay dates. Remaining missing: 0
